<?xml version="1.0" encoding="UTF-8" ?>
<testsuite failures="0" time="0.416" errors="0" skipped="0" tests="8" name="com.auth10.federation.SamlTokenValidatorTest">
  <properties>
    <property name="java.runtime.name" value="Java(TM) SE Runtime Environment"/>
    <property name="sun.boot.library.path" value="C:\Java\64\jdk1.7.0_25\jre\bin"/>
    <property name="java.vm.version" value="23.25-b01"/>
    <property name="java.vm.vendor" value="Oracle Corporation"/>
    <property name="maven.multiModuleProjectDirectory" value="C:\Users\Upendra.Hukeri\eclipse\jee-mars\eclipse\${workspace_loc:\auth10-federation}"/>
    <property name="java.vendor.url" value="http://java.oracle.com/"/>
    <property name="path.separator" value=";"/>
    <property name="guice.disable.misplaced.annotation.check" value="true"/>
    <property name="java.vm.name" value="Java HotSpot(TM) 64-Bit Server VM"/>
    <property name="file.encoding.pkg" value="sun.io"/>
    <property name="user.script" value=""/>
    <property name="user.country" value="IN"/>
    <property name="sun.java.launcher" value="SUN_STANDARD"/>
    <property name="sun.os.patch.level" value=""/>
    <property name="java.vm.specification.name" value="Java Virtual Machine Specification"/>
    <property name="user.dir" value="C:\Users\Upendra.Hukeri\Desktop\Exor-IMS\ims-java-samples\auth10-federation"/>
    <property name="java.runtime.version" value="1.7.0_25-b17"/>
    <property name="java.awt.graphicsenv" value="sun.awt.Win32GraphicsEnvironment"/>
    <property name="java.endorsed.dirs" value="C:\Java\64\jdk1.7.0_25\jre\lib\endorsed"/>
    <property name="os.arch" value="amd64"/>
    <property name="java.io.tmpdir" value="C:\Users\UPENDR~1.HUK\AppData\Local\Temp\"/>
    <property name="line.separator" value="
"/>
    <property name="java.vm.specification.vendor" value="Oracle Corporation"/>
    <property name="user.variant" value=""/>
    <property name="os.name" value="Windows 8"/>
    <property name="classworlds.conf" value="C:\Users\Upendra.Hukeri\Desktop\test\.metadata\.plugins\org.eclipse.m2e.launching\launches\m2conf7389362880808372254.tmp"/>
    <property name="sun.jnu.encoding" value="Cp1252"/>
    <property name="java.library.path" value="C:\Java\64\jdk1.7.0_25\bin;C:\WINDOWS\Sun\Java\bin;C:\WINDOWS\system32;C:\WINDOWS;C:/Program Files/Java/jdk1.8.0_25/bin/../jre/bin/server;C:/Program Files/Java/jdk1.8.0_25/bin/../jre/bin;C:/Program Files/Java/jdk1.8.0_25/bin/../jre/lib/amd64;D:\Oracle\Product\Client\11.2.0\bentley_cl_32\bin;D:\Oracle\Product\Middleware\Oracle_fmfr\bin;C:\Program Files (x86)\Serena\vm\win32\bin;C:\Program Files (x86)\Serena\vm\common\bin\win32;C:\Java\64\jdk1.7.0_25\bin\;C:\apache-ant-1.9.4\bin\;C:\Java\64\jdk1.6.0_29\bin\;D:\Oracle\Product\11.2.0.2\Bentley\bin;C:\WINDOWS\system32;C:\WINDOWS;C:\WINDOWS\System32\Wbem;C:\WINDOWS\System32\WindowsPowerShell\v1.0\;D:\Oracle\Product\Middleware\Oracle_fmfr\opmn\bin;D:\Oracle\Product\Middleware\Oracle_fmfr\opmn\lib;D:\Oracle\Product\Middleware\Oracle_fmfr\perl\bin;C:\Program Files\Lenovo\Fingerprint Manager Pro\;D:\Oracle\Product\Middleware\Oracle_WT1\bin;D:\Oracle\Product\Middleware\Oracle_WT1\opmn\bin;D:\Oracle\Product\Middleware\Oracle_WT1\opmn\lib;D:\Oracle\Product\Middleware\Oracle_WT1\perl\bin;C:\Program Files (x86)\Git\cmd;C:\Program Files\Microsoft SQL Server\120\Tools\Binn\;C:\Program Files (x86)\nodejs\;C:\Program Files (x86)\Skype\Phone\;C:\Users\Upendra.Hukeri\.dnx\bin;C:\Program Files\Microsoft DNX\Dnvm\;C:\Program Files\Microsoft SQL Server\130\Tools\Binn\;C:\Program Files (x86)\Windows Kits\10\Windows Performance Toolkit\;C:\Program Files (x86)\Microsoft Emulator Manager\1.0\;C:\Program Files\Git\cmd;D:\Oracle\Product\Middleware\Oracle_IDM1\bin;D:\Oracle\Product\Middleware\Oracle_IDM1\opmn\bin;D:\Oracle\Product\Middleware\Oracle_IDM1\opmn\lib;D:\Oracle\Product\Middleware\Oracle_IDM1\perl\bin;C:\Program Files\TortoiseHg\;C:\DevTools\Mercurial-BSI\Mercurial\;C:\DevTools\Mercurial-BSI\KDiff3\;C:\Program Files (x86)\Common Files\lenovo\easyplussdk\bin;;C:\Users\Upendra.Hukeri\AppData\Local\Code\bin;C:\Users\Upendra.Hukeri\AppData\Roaming\npm;C:\Users\Upendra.Hukeri\eclipse\jee-mars\eclipse;;."/>
    <property name="java.specification.name" value="Java Platform API Specification"/>
    <property name="java.class.version" value="51.0"/>
    <property name="sun.management.compiler" value="HotSpot 64-Bit Tiered Compilers"/>
    <property name="os.version" value="6.2"/>
    <property name="user.home" value="C:\Users\Upendra.Hukeri"/>
    <property name="user.timezone" value="Asia/Calcutta"/>
    <property name="java.awt.printerjob" value="sun.awt.windows.WPrinterJob"/>
    <property name="java.specification.version" value="1.7"/>
    <property name="file.encoding" value="Cp1252"/>
    <property name="user.name" value="Upendra.Hukeri"/>
    <property name="java.class.path" value="/C:/Users/Upendra.Hukeri/eclipse/jee-mars/eclipse/../../../.p2/pool/plugins/org.eclipse.m2e.maven.runtime_1.6.2.20150902-0001/jars/plexus-classworlds-2.5.2.jar"/>
    <property name="java.vm.specification.version" value="1.7"/>
    <property name="sun.arch.data.model" value="64"/>
    <property name="java.home" value="C:\Java\64\jdk1.7.0_25\jre"/>
    <property name="sun.java.command" value="org.codehaus.plexus.classworlds.launcher.Launcher -B clean install"/>
    <property name="java.specification.vendor" value="Oracle Corporation"/>
    <property name="user.language" value="en"/>
    <property name="awt.toolkit" value="sun.awt.windows.WToolkit"/>
    <property name="java.vm.info" value="mixed mode"/>
    <property name="java.version" value="1.7.0_25"/>
    <property name="java.ext.dirs" value="C:\Java\64\jdk1.7.0_25\jre\lib\ext;C:\WINDOWS\Sun\Java\lib\ext"/>
    <property name="sun.boot.class.path" value="C:\Java\64\jdk1.7.0_25\jre\lib\resources.jar;C:\Java\64\jdk1.7.0_25\jre\lib\rt.jar;C:\Java\64\jdk1.7.0_25\jre\lib\sunrsasign.jar;C:\Java\64\jdk1.7.0_25\jre\lib\jsse.jar;C:\Java\64\jdk1.7.0_25\jre\lib\jce.jar;C:\Java\64\jdk1.7.0_25\jre\lib\charsets.jar;C:\Java\64\jdk1.7.0_25\jre\lib\jfr.jar;C:\Java\64\jdk1.7.0_25\jre\classes"/>
    <property name="java.vendor" value="Oracle Corporation"/>
    <property name="maven.home" value="C:\Users\Upendra.Hukeri\Desktop\Exor-IMS\ims-java-samples\auth10-federation\EMBEDDED"/>
    <property name="file.separator" value="\"/>
    <property name="java.vendor.url.bug" value="http://bugreport.sun.com/bugreport/"/>
    <property name="sun.cpu.endian" value="little"/>
    <property name="sun.io.unicode.encoding" value="UnicodeLittle"/>
    <property name="sun.desktop" value="windows"/>
    <property name="sun.cpu.isalist" value="amd64"/>
  </properties>
  <testcase time="0.279" classname="com.auth10.federation.SamlTokenValidatorTest" name="testShouldThrowForTamperedSignature"/>
  <testcase time="0.02" classname="com.auth10.federation.SamlTokenValidatorTest" name="testShouldThrowBecauseTokenWasExpired"/>
  <testcase time="0.011" classname="com.auth10.federation.SamlTokenValidatorTest" name="testOrgIdCertificateShouldBeValid"/>
  <testcase time="0.009" classname="com.auth10.federation.SamlTokenValidatorTest" name="testShouldValidateSaml20TokenWithRSTRAndReturnClaims"/>
  <testcase time="0.011" classname="com.auth10.federation.SamlTokenValidatorTest" name="testShouldValidateSaml11TokenWithRSTRAndReturnClaims"/>
  <testcase time="0.007" classname="com.auth10.federation.SamlTokenValidatorTest" name="testShouldThrowBecauseTheTokenWasIssuedByUntrustedIssuer"/>
  <testcase time="0.072" classname="com.auth10.federation.SamlTokenValidatorTest" name="testShouldThrowBecauseTheTokenAppliesToUnknownAudience"/>
  <testcase time="0.007" classname="com.auth10.federation.SamlTokenValidatorTest" name="testShouldValidateExpiredTokenWhenSettingValidateExpirationFalse"/>
</testsuite>